2026-06-10 15:00:42,199 - GMP-ECM 7.0.7 [configured with GMP 6.2.1, --enable-asm-redc] [ECM]
2026-06-10 15:00:42,199 - Input number is 15265677305389874494324439258960407375502949546936505686464796257728249135853623962751747374848706233848368208136606003772803105474926125025897131143072108517157530885736405369156789409981572146681350794360422641180254936811 (224 digits)
2026-06-10 15:00:42,199 - Using B1=11000000, B2=35133391030, polynomial Dickson(12), sigma=1:2084963531
2026-06-10 15:01:15,410 - Step 1 took 32855ms
2026-06-10 15:01:27,233 - Step 2 took 11743ms
2026-06-10 15:01:27,233 - Run 2 out of 3519:
2026-06-10 15:01:27,234 - Using B1=11000000, B2=35133391030, polynomial Dickson(12), sigma=1:1636716108
2026-06-10 15:02:00,608 - Step 1 took 33373ms
2026-06-10 15:02:12,513 - Step 2 took 11846ms
2026-06-10 15:02:12,514 - Run 3 out of 3519:
2026-06-10 15:02:12,514 - Using B1=11000000, B2=35133391030, polynomial Dickson(12), sigma=1:420863947
2026-06-10 15:02:44,963 - Step 1 took 32448ms
2026-06-10 15:02:56,379 - Step 2 took 11376ms
2026-06-10 15:02:56,380 - Run 4 out of 3519:
2026-06-10 15:02:56,380 - Using B1=11000000, B2=35133391030, polynomial Dickson(12), sigma=1:28492164
2026-06-10 15:03:29,320 - Step 1 took 32940ms
2026-06-10 15:03:40,912 - Step 2 took 11562ms
2026-06-10 15:03:40,912 - Run 5 out of 3519:
2026-06-10 15:03:40,913 - Using B1=11000000, B2=35133391030, polynomial Dickson(12), sigma=1:1057197161
2026-06-10 15:04:13,938 - Step 1 took 33025ms
2026-06-10 15:04:25,625 - Step 2 took 11637ms
2026-06-10 15:04:25,625 - Run 6 out of 3519:
2026-06-10 15:04:25,626 - Using B1=11000000, B2=35133391030, polynomial Dickson(12), sigma=1:1913884842
2026-06-10 15:04:59,201 - Step 1 took 33575ms
2026-06-10 15:05:10,888 - Step 2 took 11656ms
2026-06-10 15:05:10,888 - Run 7 out of 3519:
2026-06-10 15:05:10,888 - Using B1=11000000, B2=35133391030, polynomial Dickson(12), sigma=1:1513845818
2026-06-10 15:05:43,820 - Step 1 took 32930ms
2026-06-10 15:05:55,810 - Step 2 took 11950ms
2026-06-10 15:05:55,810 - Run 8 out of 3519:
2026-06-10 15:05:55,810 - Using B1=11000000, B2=35133391030, polynomial Dickson(12), sigma=1:4188299370
2026-06-10 15:06:28,396 - Step 1 took 32586ms
2026-06-10 15:06:40,240 - Step 2 took 11823ms
2026-06-10 15:06:40,241 - Run 9 out of 3519:
2026-06-10 15:06:40,241 - Using B1=11000000, B2=35133391030, polynomial Dickson(12), sigma=1:1272407317
2026-06-10 15:07:13,897 - Step 1 took 33655ms
2026-06-10 15:07:25,650 - Step 2 took 11742ms
2026-06-10 15:07:25,650 - Run 10 out of 3519:
2026-06-10 15:07:25,650 - Using B1=11000000, B2=35133391030, polynomial Dickson(12), sigma=1:707718682
2026-06-10 15:07:58,716 - Step 1 took 33065ms
2026-06-10 15:08:10,199 - Step 2 took 11453ms
2026-06-10 15:08:10,199 - Run 11 out of 3519:
2026-06-10 15:08:10,200 - Using B1=11000000, B2=35133391030, polynomial Dickson(12), sigma=1:123641580
2026-06-10 15:08:43,446 - Step 1 took 33246ms
2026-06-10 15:08:55,209 - Step 2 took 11733ms
2026-06-10 15:08:55,209 - Run 12 out of 3519:
2026-06-10 15:08:55,209 - Using B1=11000000, B2=35133391030, polynomial Dickson(12), sigma=1:106410755
2026-06-10 15:09:28,782 - Step 1 took 33572ms
2026-06-10 15:09:40,296 - Step 2 took 11474ms
2026-06-10 15:09:40,297 - Run 13 out of 3519:
2026-06-10 15:09:40,297 - Using B1=11000000, B2=35133391030, polynomial Dickson(12), sigma=1:722231422
2026-06-10 15:10:13,063 - Step 1 took 32767ms
2026-06-10 15:10:24,478 - Step 2 took 11374ms
2026-06-10 15:10:24,479 - Run 14 out of 3519:
2026-06-10 15:10:24,479 - Using B1=11000000, B2=35133391030, polynomial Dickson(12), sigma=1:3547135863
2026-06-10 15:10:57,600 - Step 1 took 33121ms
2026-06-10 15:11:09,258 - Step 2 took 11627ms
2026-06-10 15:11:09,258 - Run 15 out of 3519:
2026-06-10 15:11:09,258 - Using B1=11000000, B2=35133391030, polynomial Dickson(12), sigma=1:2240854824
2026-06-10 15:11:42,079 - Step 1 took 32820ms
2026-06-10 15:11:53,735 - Step 2 took 11636ms
2026-06-10 15:11:53,735 - Run 16 out of 3519:
2026-06-10 15:11:53,735 - Using B1=11000000, B2=35133391030, polynomial Dickson(12), sigma=1:3448911103
2026-06-10 15:12:26,291 - Step 1 took 32556ms
2026-06-10 15:12:37,661 - Step 2 took 11279ms
2026-06-10 15:12:37,662 - Run 17 out of 3519:
2026-06-10 15:12:37,662 - Using B1=11000000, B2=35133391030, polynomial Dickson(12), sigma=1:797468300
2026-06-10 15:13:10,531 - Step 1 took 32869ms
2026-06-10 15:13:22,251 - Step 2 took 11700ms
2026-06-10 15:13:22,252 - Run 18 out of 3519:
2026-06-10 15:13:22,252 - Using B1=11000000, B2=35133391030, polynomial Dickson(12), sigma=1:3050598223
2026-06-10 15:13:55,365 - Step 1 took 33113ms
2026-06-10 15:14:06,988 - Step 2 took 11602ms
2026-06-10 15:14:06,988 - Run 19 out of 3519:
2026-06-10 15:14:06,988 - Using B1=11000000, B2=35133391030, polynomial Dickson(12), sigma=1:1226818466
2026-06-10 15:14:41,113 - Step 1 took 34125ms
2026-06-10 15:14:52,655 - Step 2 took 11471ms
2026-06-10 15:14:52,655 - Run 20 out of 3519:
2026-06-10 15:14:52,655 - Using B1=11000000, B2=35133391030, polynomial Dickson(12), sigma=1:1091187004
2026-06-10 15:15:25,479 - Step 1 took 32822ms
2026-06-10 15:15:37,403 - Step 2 took 11894ms
2026-06-10 15:15:37,403 - Run 21 out of 3519:
2026-06-10 15:15:37,403 - Using B1=11000000, B2=35133391030, polynomial Dickson(12), sigma=1:3893746802
2026-06-10 15:16:10,227 - Step 1 took 32824ms
2026-06-10 15:16:22,075 - Step 2 took 11817ms
2026-06-10 15:16:22,075 - Run 22 out of 3519:
2026-06-10 15:16:22,075 - Using B1=11000000, B2=35133391030, polynomial Dickson(12), sigma=1:1567923597
2026-06-10 15:16:55,181 - Step 1 took 33105ms
2026-06-10 15:17:06,926 - Step 2 took 11694ms
2026-06-10 15:17:06,926 - Run 23 out of 3519:
2026-06-10 15:17:06,927 - Using B1=11000000, B2=35133391030, polynomial Dickson(12), sigma=1:798941275
2026-06-10 15:17:40,154 - Step 1 took 33227ms
2026-06-10 15:17:51,634 - Step 2 took 11439ms
2026-06-10 15:17:51,634 - Run 24 out of 3519:
2026-06-10 15:17:51,634 - Using B1=11000000, B2=35133391030, polynomial Dickson(12), sigma=1:927153595
2026-06-10 15:18:24,450 - Step 1 took 32815ms
2026-06-10 15:18:35,983 - Step 2 took 11492ms
2026-06-10 15:18:35,983 - Run 25 out of 3519:
2026-06-10 15:18:35,983 - Using B1=11000000, B2=35133391030, polynomial Dickson(12), sigma=1:3601476851
2026-06-10 15:19:08,743 - Step 1 took 32758ms
2026-06-10 15:19:20,505 - Step 2 took 11721ms
2026-06-10 15:19:20,505 - Run 26 out of 3519:
2026-06-10 15:19:20,505 - Using B1=11000000, B2=35133391030, polynomial Dickson(12), sigma=1:1831050299
2026-06-10 15:19:53,860 - Step 1 took 33345ms
2026-06-10 15:20:05,714 - Step 2 took 11784ms
2026-06-10 15:20:05,715 - Run 27 out of 3519:
2026-06-10 15:20:05,715 - Using B1=11000000, B2=35133391030, polynomial Dickson(12), sigma=1:705886698
2026-06-10 15:20:38,539 - Step 1 took 32823ms
2026-06-10 15:20:50,052 - Step 2 took 11473ms
2026-06-10 15:20:50,052 - Run 28 out of 3519:
2026-06-10 15:20:50,053 - Using B1=11000000, B2=35133391030, polynomial Dickson(12), sigma=1:1030377305
2026-06-10 15:21:23,497 - Step 1 took 33444ms
2026-06-10 15:21:35,165 - Step 2 took 11648ms
2026-06-10 15:21:35,165 - Run 29 out of 3519:
2026-06-10 15:21:35,165 - Using B1=11000000, B2=35133391030, polynomial Dickson(12), sigma=1:1052336725
2026-06-10 15:22:07,865 - Step 1 took 32699ms
2026-06-10 15:22:19,640 - Step 2 took 11695ms
2026-06-10 15:22:19,641 - Run 30 out of 3519:
2026-06-10 15:22:19,641 - Using B1=11000000, B2=35133391030, polynomial Dickson(12), sigma=1:2301577148
2026-06-10 15:22:52,641 - Step 1 took 32999ms
2026-06-10 15:23:04,396 - Step 2 took 11715ms
2026-06-10 15:23:04,396 - Run 31 out of 3519:
2026-06-10 15:23:04,396 - Using B1=11000000, B2=35133391030, polynomial Dickson(12), sigma=1:968997504
2026-06-10 15:23:37,186 - Step 1 took 32790ms
2026-06-10 15:23:48,692 - Step 2 took 11485ms
2026-06-10 15:23:48,692 - Run 32 out of 3519:
2026-06-10 15:23:48,692 - Using B1=11000000, B2=35133391030, polynomial Dickson(12), sigma=1:1180446821
2026-06-10 15:24:21,505 - Step 1 took 32812ms
2026-06-10 15:24:33,052 - Step 2 took 11496ms
2026-06-10 15:24:33,052 - Run 33 out of 3519:
2026-06-10 15:24:33,052 - Using B1=11000000, B2=35133391030, polynomial Dickson(12), sigma=1:5001469
2026-06-10 15:25:06,890 - Step 1 took 33838ms
2026-06-10 15:25:18,489 - Step 2 took 11518ms
2026-06-10 15:25:18,490 - Run 34 out of 3519:
2026-06-10 15:25:18,490 - Using B1=11000000, B2=35133391030, polynomial Dickson(12), sigma=1:426050146
2026-06-10 15:25:51,067 - Step 1 took 32577ms
2026-06-10 15:26:02,713 - Step 2 took 11615ms
2026-06-10 15:26:02,713 - Run 35 out of 3519:
2026-06-10 15:26:02,713 - Using B1=11000000, B2=35133391030, polynomial Dickson(12), sigma=1:213525668
2026-06-10 15:26:35,592 - Step 1 took 32878ms
2026-06-10 15:26:47,308 - Step 2 took 11645ms
2026-06-10 15:26:47,308 - Run 36 out of 3519:
2026-06-10 15:26:47,308 - Using B1=11000000, B2=35133391030, polynomial Dickson(12), sigma=1:653372018
2026-06-10 15:27:19,868 - Step 1 took 32558ms
2026-06-10 15:27:31,301 - Step 2 took 11363ms
2026-06-10 15:27:31,301 - Run 37 out of 3519:
2026-06-10 15:27:31,301 - Using B1=11000000, B2=35133391030, polynomial Dickson(12), sigma=1:3883637227
2026-06-10 15:28:04,176 - Step 1 took 32873ms
2026-06-10 15:28:15,559 - Step 2 took 11353ms
2026-06-10 15:28:15,559 - Run 38 out of 3519:
2026-06-10 15:28:15,559 - Using B1=11000000, B2=35133391030, polynomial Dickson(12), sigma=1:2189497748
2026-06-10 15:28:48,921 - Step 1 took 33362ms
2026-06-10 15:29:00,462 - Step 2 took 11500ms
2026-06-10 15:29:00,462 - Run 39 out of 3519:
2026-06-10 15:29:00,462 - Using B1=11000000, B2=35133391030, polynomial Dickson(12), sigma=1:1168666506
2026-06-10 15:29:33,946 - Step 1 took 33483ms
2026-06-10 15:29:45,153 - Step 2 took 11166ms
2026-06-10 15:29:45,153 - Run 40 out of 3519:
2026-06-10 15:29:45,153 - Using B1=11000000, B2=35133391030, polynomial Dickson(12), sigma=1:2390748398
2026-06-10 15:30:17,689 - Step 1 took 32536ms
2026-06-10 15:30:29,461 - Step 2 took 11721ms
2026-06-10 15:30:29,461 - Run 41 out of 3519:
2026-06-10 15:30:29,461 - Using B1=11000000, B2=35133391030, polynomial Dickson(12), sigma=1:3998730059
2026-06-10 15:31:02,875 - Step 1 took 33412ms
2026-06-10 15:31:14,549 - Step 2 took 11594ms
2026-06-10 15:31:14,549 - Run 42 out of 3519:
2026-06-10 15:31:14,549 - Using B1=11000000, B2=35133391030, polynomial Dickson(12), sigma=1:3408657345
2026-06-10 15:31:47,730 - Step 1 took 33181ms
2026-06-10 15:31:59,620 - Step 2 took 11860ms
2026-06-10 15:31:59,621 - Run 43 out of 3519:
2026-06-10 15:31:59,621 - Using B1=11000000, B2=35133391030, polynomial Dickson(12), sigma=1:51165886
2026-06-10 15:32:32,041 - Step 1 took 32419ms
2026-06-10 15:32:43,431 - Step 2 took 11370ms
2026-06-10 15:32:43,431 - Run 44 out of 3519:
2026-06-10 15:32:43,431 - Using B1=11000000, B2=35133391030, polynomial Dickson(12), sigma=1:2493217493
2026-06-10 15:33:17,104 - Step 1 took 33662ms
2026-06-10 15:33:29,061 - Step 2 took 11958ms
2026-06-10 15:33:29,062 - Run 45 out of 3519:
2026-06-10 15:33:29,062 - Using B1=11000000, B2=35133391030, polynomial Dickson(12), sigma=1:3382116961
2026-06-10 15:34:01,916 - Step 1 took 32853ms
2026-06-10 15:34:13,653 - Step 2 took 11707ms
2026-06-10 15:34:13,654 - Run 46 out of 3519:
2026-06-10 15:34:13,654 - Using B1=11000000, B2=35133391030, polynomial Dickson(12), sigma=1:3460341662
2026-06-10 15:34:46,394 - Step 1 took 32740ms
2026-06-10 15:34:58,067 - Step 2 took 11643ms
2026-06-10 15:34:58,067 - Run 47 out of 3519:
2026-06-10 15:34:58,068 - Using B1=11000000, B2=35133391030, polynomial Dickson(12), sigma=1:503764296
2026-06-10 15:35:30,864 - Step 1 took 32796ms
2026-06-10 15:35:42,495 - Step 2 took 11571ms
2026-06-10 15:35:42,496 - Run 48 out of 3519:
2026-06-10 15:35:42,496 - Using B1=11000000, B2=35133391030, polynomial Dickson(12), sigma=1:3319410507
2026-06-10 15:36:15,469 - Step 1 took 32972ms
2026-06-10 15:36:27,202 - Step 2 took 11693ms
2026-06-10 15:36:27,202 - Run 49 out of 3519:
2026-06-10 15:36:27,202 - Using B1=11000000, B2=35133391030, polynomial Dickson(12), sigma=1:2024499326
2026-06-10 15:37:00,405 - Step 1 took 33202ms
2026-06-10 15:37:11,909 - Step 2 took 11433ms
2026-06-10 15:37:11,909 - Run 50 out of 3519:
2026-06-10 15:37:11,909 - Using B1=11000000, B2=35133391030, polynomial Dickson(12), sigma=1:2991476842
2026-06-10 15:37:44,591 - Step 1 took 32682ms
2026-06-10 15:37:56,840 - Step 2 took 12208ms
2026-06-10 15:37:56,840 - Run 51 out of 3519:
2026-06-10 15:37:56,840 - Using B1=11000000, B2=35133391030, polynomial Dickson(12), sigma=1:1378562437
2026-06-10 15:38:30,124 - Step 1 took 33283ms
2026-06-10 15:38:41,682 - Step 2 took 11497ms
2026-06-10 15:38:41,682 - Run 52 out of 3519:
2026-06-10 15:38:41,682 - Using B1=11000000, B2=35133391030, polynomial Dickson(12), sigma=1:3536433019
2026-06-10 15:39:15,114 - Step 1 took 33431ms
2026-06-10 15:39:26,734 - Step 2 took 11580ms
2026-06-10 15:39:26,734 - Run 53 out of 3519:
2026-06-10 15:39:26,735 - Using B1=11000000, B2=35133391030, polynomial Dickson(12), sigma=1:3544923222
2026-06-10 15:40:00,072 - Step 1 took 33337ms
2026-06-10 15:40:11,527 - Step 2 took 11445ms
2026-06-10 15:40:11,528 - Run 54 out of 3519:
2026-06-10 15:40:11,528 - Using B1=11000000, B2=35133391030, polynomial Dickson(12), sigma=1:3308712665
2026-06-10 15:40:45,167 - Step 1 took 33639ms
2026-06-10 15:40:57,197 - Step 2 took 11990ms
2026-06-10 15:40:57,197 - Run 55 out of 3519:
2026-06-10 15:40:57,197 - Using B1=11000000, B2=35133391030, polynomial Dickson(12), sigma=1:1181886704
2026-06-10 15:41:30,598 - Step 1 took 33400ms
2026-06-10 15:41:42,721 - Step 2 took 12052ms
2026-06-10 15:41:42,721 - Run 56 out of 3519:
2026-06-10 15:41:42,721 - Using B1=11000000, B2=35133391030, polynomial Dickson(12), sigma=1:2352093954
2026-06-10 15:42:15,875 - Step 1 took 33153ms
2026-06-10 15:42:27,567 - Step 2 took 11601ms
2026-06-10 15:42:27,568 - Run 57 out of 3519:
2026-06-10 15:42:27,568 - Using B1=11000000, B2=35133391030, polynomial Dickson(12), sigma=1:262011911
2026-06-10 15:43:00,807 - Step 1 took 33238ms
2026-06-10 15:43:12,454 - Step 2 took 11617ms
2026-06-10 15:43:12,454 - Run 58 out of 3519:
2026-06-10 15:43:12,455 - Using B1=11000000, B2=35133391030, polynomial Dickson(12), sigma=1:765990211
2026-06-10 15:43:45,829 - Step 1 took 33373ms
2026-06-10 15:43:57,664 - Step 2 took 11805ms
2026-06-10 15:43:57,664 - Run 59 out of 3519:
2026-06-10 15:43:57,664 - Using B1=11000000, B2=35133391030, polynomial Dickson(12), sigma=1:3864803259
2026-06-10 15:44:31,056 - Step 1 took 33390ms
2026-06-10 15:44:42,563 - Step 2 took 11478ms
2026-06-10 15:44:42,564 - Run 60 out of 3519:
2026-06-10 15:44:42,564 - Using B1=11000000, B2=35133391030, polynomial Dickson(12), sigma=1:4123268358
2026-06-10 15:45:15,390 - Step 1 took 32826ms
2026-06-10 15:45:26,874 - Step 2 took 11433ms
2026-06-10 15:45:26,875 - Run 61 out of 3519:
2026-06-10 15:45:26,875 - Using B1=11000000, B2=35133391030, polynomial Dickson(12), sigma=1:1298409343
2026-06-10 15:45:59,929 - Step 1 took 33054ms
2026-06-10 15:46:11,467 - Step 2 took 11517ms
2026-06-10 15:46:11,467 - Run 62 out of 3519:
2026-06-10 15:46:11,467 - Using B1=11000000, B2=35133391030, polynomial Dickson(12), sigma=1:2689417933
2026-06-10 15:46:44,687 - Step 1 took 33220ms
2026-06-10 15:46:56,090 - Step 2 took 11382ms
2026-06-10 15:46:56,090 - Run 63 out of 3519:
2026-06-10 15:46:56,091 - Using B1=11000000, B2=35133391030, polynomial Dickson(12), sigma=1:670461793
2026-06-10 15:47:28,566 - Step 1 took 32475ms
2026-06-10 15:47:40,153 - Step 2 took 11566ms
2026-06-10 15:47:40,154 - Run 64 out of 3519:
2026-06-10 15:47:40,154 - Using B1=11000000, B2=35133391030, polynomial Dickson(12), sigma=1:3511080747
2026-06-10 15:48:13,770 - Step 1 took 33616ms
2026-06-10 15:48:25,599 - Step 2 took 11778ms
2026-06-10 15:48:25,599 - Run 65 out of 3519:
2026-06-10 15:48:25,599 - Using B1=11000000, B2=35133391030, polynomial Dickson(12), sigma=1:1846895953
2026-06-10 15:48:58,515 - Step 1 took 32916ms
2026-06-10 15:49:10,089 - Step 2 took 11494ms
2026-06-10 15:49:10,089 - Run 66 out of 3519:
2026-06-10 15:49:10,089 - Using B1=11000000, B2=35133391030, polynomial Dickson(12), sigma=1:1193840530
2026-06-10 15:49:43,601 - Step 1 took 33511ms
2026-06-10 15:49:55,175 - Step 2 took 11553ms
2026-06-10 15:49:55,175 - Run 67 out of 3519:
2026-06-10 15:49:55,175 - Using B1=11000000, B2=35133391030, polynomial Dickson(12), sigma=1:1260338711
2026-06-10 15:50:28,395 - Step 1 took 33219ms
2026-06-10 15:50:39,967 - Step 2 took 11501ms
2026-06-10 15:50:39,967 - Run 68 out of 3519:
2026-06-10 15:50:39,967 - Using B1=11000000, B2=35133391030, polynomial Dickson(12), sigma=1:1141840226
2026-06-10 15:51:13,113 - Step 1 took 33145ms
2026-06-10 15:51:24,815 - Step 2 took 11622ms
2026-06-10 15:51:24,815 - Run 69 out of 3519:
2026-06-10 15:51:24,815 - Using B1=11000000, B2=35133391030, polynomial Dickson(12), sigma=1:3021974857
2026-06-10 15:51:58,427 - Step 1 took 33611ms
2026-06-10 15:52:10,297 - Step 2 took 11820ms
2026-06-10 15:52:10,297 - Run 70 out of 3519:
2026-06-10 15:52:10,297 - Using B1=11000000, B2=35133391030, polynomial Dickson(12), sigma=1:2744266325
2026-06-10 15:52:44,070 - Step 1 took 33771ms
2026-06-10 15:52:55,740 - Step 2 took 11630ms
2026-06-10 15:52:55,740 - Run 71 out of 3519:
2026-06-10 15:52:55,740 - Using B1=11000000, B2=35133391030, polynomial Dickson(12), sigma=1:1980351742
2026-06-10 15:53:28,890 - Step 1 took 33149ms
2026-06-10 15:53:40,524 - Step 2 took 11584ms
2026-06-10 15:53:40,524 - Run 72 out of 3519:
2026-06-10 15:53:40,525 - Using B1=11000000, B2=35133391030, polynomial Dickson(12), sigma=1:596564935
2026-06-10 15:54:13,708 - Step 1 took 33182ms
2026-06-10 15:54:25,413 - Step 2 took 11636ms
2026-06-10 15:54:25,414 - Run 73 out of 3519:
2026-06-10 15:54:25,414 - Using B1=11000000, B2=35133391030, polynomial Dickson(12), sigma=1:3083812969
2026-06-10 15:54:58,370 - Step 1 took 32955ms
2026-06-10 15:55:09,686 - Step 2 took 11286ms
2026-06-10 15:55:09,687 - Run 74 out of 3519:
2026-06-10 15:55:09,687 - Using B1=11000000, B2=35133391030, polynomial Dickson(12), sigma=1:692259991
2026-06-10 15:55:43,365 - Step 1 took 33677ms
2026-06-10 15:55:55,231 - Step 2 took 11827ms
2026-06-10 15:55:55,232 - Run 75 out of 3519:
2026-06-10 15:55:55,232 - Using B1=11000000, B2=35133391030, polynomial Dickson(12), sigma=1:1277373883
2026-06-10 15:56:29,148 - Step 1 took 33915ms
2026-06-10 15:56:40,902 - Step 2 took 11704ms
2026-06-10 15:56:40,902 - Run 76 out of 3519:
2026-06-10 15:56:40,902 - Using B1=11000000, B2=35133391030, polynomial Dickson(12), sigma=1:3452812708
2026-06-10 15:57:13,940 - Step 1 took 33038ms
2026-06-10 15:57:25,459 - Step 2 took 11438ms
2026-06-10 15:57:25,459 - Run 77 out of 3519:
2026-06-10 15:57:25,459 - Using B1=11000000, B2=35133391030, polynomial Dickson(12), sigma=1:3213555631
2026-06-10 15:57:58,739 - Step 1 took 33279ms
2026-06-10 15:58:10,373 - Step 2 took 11622ms
2026-06-10 15:58:10,373 - Run 78 out of 3519:
2026-06-10 15:58:10,373 - Using B1=11000000, B2=35133391030, polynomial Dickson(12), sigma=1:509900453
2026-06-10 15:58:43,613 - Step 1 took 33239ms
2026-06-10 15:58:55,647 - Step 2 took 12004ms
2026-06-10 15:58:55,648 - Run 79 out of 3519:
2026-06-10 15:58:55,648 - Using B1=11000000, B2=35133391030, polynomial Dickson(12), sigma=1:830033283
2026-06-10 15:59:28,983 - Step 1 took 33334ms
2026-06-10 15:59:40,930 - Step 2 took 11907ms
2026-06-10 15:59:40,931 - Run 80 out of 3519:
2026-06-10 15:59:40,931 - Using B1=11000000, B2=35133391030, polynomial Dickson(12), sigma=1:3090222516
2026-06-10 16:00:14,653 - Step 1 took 33721ms
2026-06-10 16:00:26,424 - Step 2 took 11720ms
2026-06-10 16:00:26,424 - Run 81 out of 3519:
2026-06-10 16:00:26,424 - Using B1=11000000, B2=35133391030, polynomial Dickson(12), sigma=1:3913595699
2026-06-10 16:00:59,845 - Step 1 took 33420ms
2026-06-10 16:01:11,418 - Step 2 took 11542ms
2026-06-10 16:01:11,418 - Run 82 out of 3519:
2026-06-10 16:01:11,419 - Using B1=11000000, B2=35133391030, polynomial Dickson(12), sigma=1:4036281319
2026-06-10 16:01:44,100 - Step 1 took 32681ms
2026-06-10 16:01:55,561 - Step 2 took 11420ms
2026-06-10 16:01:55,561 - Run 83 out of 3519:
2026-06-10 16:01:55,561 - Using B1=11000000, B2=35133391030, polynomial Dickson(12), sigma=1:2974055396
2026-06-10 16:02:28,247 - Step 1 took 32685ms
2026-06-10 16:02:39,789 - Step 2 took 11542ms
2026-06-10 16:02:39,789 - Run 84 out of 3519:
2026-06-10 16:02:39,789 - Using B1=11000000, B2=35133391030, polynomial Dickson(12), sigma=1:3547387209
2026-06-10 16:03:12,757 - Step 1 took 32966ms
2026-06-10 16:03:24,823 - Step 2 took 12027ms
2026-06-10 16:03:24,823 - Run 85 out of 3519:
2026-06-10 16:03:24,824 - Using B1=11000000, B2=35133391030, polynomial Dickson(12), sigma=1:2698320093
2026-06-10 16:03:58,634 - Step 1 took 33810ms
2026-06-10 16:04:10,751 - Step 2 took 12057ms
2026-06-10 16:04:10,751 - Run 86 out of 3519:
2026-06-10 16:04:10,751 - Using B1=11000000, B2=35133391030, polynomial Dickson(12), sigma=1:2406209989
2026-06-10 16:04:43,956 - Step 1 took 33204ms
2026-06-10 16:04:55,725 - Step 2 took 11689ms
2026-06-10 16:04:55,726 - Run 87 out of 3519:
2026-06-10 16:04:55,726 - Using B1=11000000, B2=35133391030, polynomial Dickson(12), sigma=1:2498172569
2026-06-10 16:05:28,582 - Step 1 took 32855ms
2026-06-10 16:05:40,597 - Step 2 took 11965ms
2026-06-10 16:05:40,598 - Run 88 out of 3519:
2026-06-10 16:05:40,598 - Using B1=11000000, B2=35133391030, polynomial Dickson(12), sigma=1:3917984870
2026-06-10 16:06:13,713 - Step 1 took 33114ms
2026-06-10 16:06:25,652 - Step 2 took 11898ms
2026-06-10 16:06:25,652 - Run 89 out of 3519:
2026-06-10 16:06:25,652 - Using B1=11000000, B2=35133391030, polynomial Dickson(12), sigma=1:4038256559
2026-06-10 16:06:58,764 - Step 1 took 33111ms
2026-06-10 16:07:10,372 - Step 2 took 11548ms
2026-06-10 16:07:10,372 - Run 90 out of 3519:
2026-06-10 16:07:10,372 - Using B1=11000000, B2=35133391030, polynomial Dickson(12), sigma=1:1672438659
2026-06-10 16:07:43,763 - Step 1 took 33390ms
2026-06-10 16:07:55,604 - Step 2 took 11811ms
2026-06-10 16:07:55,604 - Run 91 out of 3519:
2026-06-10 16:07:55,604 - Using B1=11000000, B2=35133391030, polynomial Dickson(12), sigma=1:1411722511
2026-06-10 16:08:29,654 - Step 1 took 34048ms
2026-06-10 16:08:41,397 - Step 2 took 11723ms
2026-06-10 16:08:41,397 - Run 92 out of 3519:
2026-06-10 16:08:41,397 - Using B1=11000000, B2=35133391030, polynomial Dickson(12), sigma=1:2755236322
2026-06-10 16:09:15,064 - Step 1 took 33666ms
2026-06-10 16:09:26,981 - Step 2 took 11886ms
2026-06-10 16:09:26,981 - Run 93 out of 3519:
2026-06-10 16:09:26,981 - Using B1=11000000, B2=35133391030, polynomial Dickson(12), sigma=1:1063908269
2026-06-10 16:10:00,090 - Step 1 took 33108ms
2026-06-10 16:10:11,899 - Step 2 took 11808ms
2026-06-10 16:10:11,899 - Run 94 out of 3519:
2026-06-10 16:10:11,899 - Using B1=11000000, B2=35133391030, polynomial Dickson(12), sigma=1:4090636377
2026-06-10 16:10:45,052 - Step 1 took 33152ms
2026-06-10 16:10:56,674 - Step 2 took 11571ms
2026-06-10 16:10:56,674 - Run 95 out of 3519:
2026-06-10 16:10:56,674 - Using B1=11000000, B2=35133391030, polynomial Dickson(12), sigma=1:1476048573
2026-06-10 16:11:30,230 - Step 1 took 33555ms
2026-06-10 16:11:42,198 - Step 2 took 11917ms
2026-06-10 16:11:42,198 - Run 96 out of 3519:
2026-06-10 16:11:42,198 - Using B1=11000000, B2=35133391030, polynomial Dickson(12), sigma=1:1588729172
2026-06-10 16:12:15,498 - Step 1 took 33299ms
2026-06-10 16:12:27,242 - Step 2 took 11693ms
2026-06-10 16:12:27,242 - Run 97 out of 3519:
2026-06-10 16:12:27,242 - Using B1=11000000, B2=35133391030, polynomial Dickson(12), sigma=1:919783235
2026-06-10 16:13:00,343 - Step 1 took 33101ms
2026-06-10 16:13:12,323 - Step 2 took 11939ms
2026-06-10 16:13:12,323 - Run 98 out of 3519:
2026-06-10 16:13:12,323 - Using B1=11000000, B2=35133391030, polynomial Dickson(12), sigma=1:2626594344
2026-06-10 16:13:45,785 - Step 1 took 33461ms
2026-06-10 16:13:57,622 - Step 2 took 11797ms
2026-06-10 16:13:57,623 - Run 99 out of 3519:
2026-06-10 16:13:57,623 - Using B1=11000000, B2=35133391030, polynomial Dickson(12), sigma=1:3581694631
2026-06-10 16:14:31,851 - Step 1 took 34227ms
2026-06-10 16:14:43,853 - Step 2 took 11932ms
2026-06-10 16:14:43,853 - Run 100 out of 3519:
2026-06-10 16:14:43,853 - Using B1=11000000, B2=35133391030, polynomial Dickson(12), sigma=1:4013643686
2026-06-10 16:15:17,786 - Step 1 took 33932ms
2026-06-10 16:15:29,659 - Step 2 took 11833ms
2026-06-10 16:15:29,660 - Run 101 out of 3519:
2026-06-10 16:15:29,660 - Using B1=11000000, B2=35133391030, polynomial Dickson(12), sigma=1:4059800669
2026-06-10 16:16:02,715 - Step 1 took 33054ms
2026-06-10 16:16:14,565 - Step 2 took 11820ms
2026-06-10 16:16:14,565 - Run 102 out of 3519:
2026-06-10 16:16:14,565 - Using B1=11000000, B2=35133391030, polynomial Dickson(12), sigma=1:3472554322
2026-06-10 16:16:47,538 - Step 1 took 32972ms
2026-06-10 16:16:59,518 - Step 2 took 11910ms
2026-06-10 16:16:59,518 - Run 103 out of 3519:
2026-06-10 16:16:59,518 - Using B1=11000000, B2=35133391030, polynomial Dickson(12), sigma=1:3943277249
2026-06-10 16:17:32,677 - Step 1 took 33158ms
2026-06-10 16:17:44,364 - Step 2 took 11637ms
2026-06-10 16:17:44,364 - Run 104 out of 3519:
2026-06-10 16:17:44,365 - Using B1=11000000, B2=35133391030, polynomial Dickson(12), sigma=1:1340310706
2026-06-10 16:18:17,542 - Step 1 took 33177ms
2026-06-10 16:18:29,620 - Step 2 took 12007ms
2026-06-10 16:18:29,620 - Run 105 out of 3519:
2026-06-10 16:18:29,620 - Using B1=11000000, B2=35133391030, polynomial Dickson(12), sigma=1:874388349
2026-06-10 16:19:03,021 - Step 1 took 33401ms
2026-06-10 16:19:14,867 - Step 2 took 11825ms
2026-06-10 16:19:14,867 - Run 106 out of 3519:
2026-06-10 16:19:14,867 - Using B1=11000000, B2=35133391030, polynomial Dickson(12), sigma=1:2765706126
2026-06-10 16:19:47,559 - Step 1 took 32692ms
2026-06-10 16:19:59,250 - Step 2 took 11650ms
2026-06-10 16:19:59,250 - Run 107 out of 3519:
2026-06-10 16:19:59,250 - Using B1=11000000, B2=35133391030, polynomial Dickson(12), sigma=1:3625502838
2026-06-10 16:20:32,407 - Step 1 took 33155ms
2026-06-10 16:20:43,913 - Step 2 took 11467ms
2026-06-10 16:20:43,913 - Run 108 out of 3519:
2026-06-10 16:20:43,914 - Using B1=11000000, B2=35133391030, polynomial Dickson(12), sigma=1:2629173008
2026-06-10 16:21:17,050 - Step 1 took 33136ms
2026-06-10 16:21:28,895 - Step 2 took 11835ms
2026-06-10 16:21:28,896 - Run 109 out of 3519:
2026-06-10 16:21:28,896 - Using B1=11000000, B2=35133391030, polynomial Dickson(12), sigma=1:538217696
2026-06-10 16:22:02,551 - Step 1 took 33654ms
2026-06-10 16:22:14,189 - Step 2 took 11548ms
2026-06-10 16:22:14,189 - Run 110 out of 3519:
2026-06-10 16:22:14,190 - Using B1=11000000, B2=35133391030, polynomial Dickson(12), sigma=1:2174006164
2026-06-10 16:22:47,461 - Step 1 took 33271ms
2026-06-10 16:22:58,885 - Step 2 took 11353ms
2026-06-10 16:22:58,885 - Run 111 out of 3519:
2026-06-10 16:22:58,885 - Using B1=11000000, B2=35133391030, polynomial Dickson(12), sigma=1:1032294535
2026-06-10 16:23:32,522 - Step 1 took 33636ms
2026-06-10 16:23:44,378 - Step 2 took 11796ms
2026-06-10 16:23:44,378 - Run 112 out of 3519:
2026-06-10 16:23:44,379 - Using B1=11000000, B2=35133391030, polynomial Dickson(12), sigma=1:2642892555
2026-06-10 16:24:17,341 - Step 1 took 32962ms
2026-06-10 16:24:29,172 - Step 2 took 11791ms
2026-06-10 16:24:29,172 - Run 113 out of 3519:
2026-06-10 16:24:29,172 - Using B1=11000000, B2=35133391030, polynomial Dickson(12), sigma=1:681386751
2026-06-10 16:25:02,241 - Step 1 took 33059ms
2026-06-10 16:25:14,068 - Step 2 took 11786ms
2026-06-10 16:25:14,069 - Run 114 out of 3519:
2026-06-10 16:25:14,069 - Using B1=11000000, B2=35133391030, polynomial Dickson(12), sigma=1:3883890589
2026-06-10 16:25:47,326 - Step 1 took 33256ms
2026-06-10 16:25:58,906 - Step 2 took 11541ms
2026-06-10 16:25:58,907 - Run 115 out of 3519:
2026-06-10 16:25:58,907 - Using B1=11000000, B2=35133391030, polynomial Dickson(12), sigma=1:576827560
2026-06-10 16:26:32,209 - Step 1 took 33302ms
2026-06-10 16:26:44,165 - Step 2 took 11936ms
2026-06-10 16:26:44,166 - Run 116 out of 3519:
2026-06-10 16:26:44,166 - Using B1=11000000, B2=35133391030, polynomial Dickson(12), sigma=1:4136740998
2026-06-10 16:27:17,114 - Step 1 took 32948ms
2026-06-10 16:27:28,957 - Step 2 took 11823ms
2026-06-10 16:27:28,958 - Run 117 out of 3519:
2026-06-10 16:27:28,958 - Using B1=11000000, B2=35133391030, polynomial Dickson(12), sigma=1:2251962953
2026-06-10 16:28:02,271 - Step 1 took 33313ms
2026-06-10 16:28:14,010 - Step 2 took 11709ms
2026-06-10 16:28:14,011 - Run 118 out of 3519:
2026-06-10 16:28:14,011 - Using B1=11000000, B2=35133391030, polynomial Dickson(12), sigma=1:1273422100
2026-06-10 16:28:47,748 - Step 1 took 33738ms
2026-06-10 16:28:59,388 - Step 2 took 11618ms
2026-06-10 16:28:59,388 - Run 119 out of 3519:
2026-06-10 16:28:59,388 - Using B1=11000000, B2=35133391030, polynomial Dickson(12), sigma=1:3421944779
2026-06-10 16:29:33,252 - Step 1 took 33863ms
2026-06-10 16:29:45,220 - Step 2 took 11927ms
2026-06-10 16:29:45,220 - Run 120 out of 3519:
2026-06-10 16:29:45,220 - Using B1=11000000, B2=35133391030, polynomial Dickson(12), sigma=1:1926004342
2026-06-10 16:30:18,286 - Step 1 took 33065ms
2026-06-10 16:30:29,998 - Step 2 took 11661ms
2026-06-10 16:30:29,998 - Run 121 out of 3519:
2026-06-10 16:30:29,998 - Using B1=11000000, B2=35133391030, polynomial Dickson(12), sigma=1:3880662491
2026-06-10 16:31:03,166 - Step 1 took 33167ms
2026-06-10 16:31:15,146 - Step 2 took 11920ms
2026-06-10 16:31:15,146 - Run 122 out of 3519:
2026-06-10 16:31:15,146 - Using B1=11000000, B2=35133391030, polynomial Dickson(12), sigma=1:3595772544
2026-06-10 16:31:47,971 - Step 1 took 32824ms
2026-06-10 16:31:59,553 - Step 2 took 11552ms
2026-06-10 16:31:59,553 - Run 123 out of 3519:
2026-06-10 16:31:59,553 - Using B1=11000000, B2=35133391030, polynomial Dickson(12), sigma=1:2041327278
2026-06-10 16:32:33,391 - Step 1 took 33838ms
2026-06-10 16:32:44,964 - Step 2 took 11502ms
2026-06-10 16:32:44,964 - Run 124 out of 3519:
2026-06-10 16:32:44,964 - Using B1=11000000, B2=35133391030, polynomial Dickson(12), sigma=1:3358089368
2026-06-10 16:33:18,643 - Step 1 took 33677ms
2026-06-10 16:33:30,233 - Step 2 took 11570ms
2026-06-10 16:33:30,233 - Run 125 out of 3519:
2026-06-10 16:33:30,233 - Using B1=11000000, B2=35133391030, polynomial Dickson(12), sigma=1:2183703311
2026-06-10 16:34:03,548 - Step 1 took 33313ms
2026-06-10 16:34:15,528 - Step 2 took 11910ms
2026-06-10 16:34:15,528 - Run 126 out of 3519:
2026-06-10 16:34:15,528 - Using B1=11000000, B2=35133391030, polynomial Dickson(12), sigma=1:2773196192
2026-06-10 16:34:48,800 - Step 1 took 33271ms
2026-06-10 16:35:00,606 - Step 2 took 11775ms
2026-06-10 16:35:00,606 - Run 127 out of 3519:
2026-06-10 16:35:00,606 - Using B1=11000000, B2=35133391030, polynomial Dickson(12), sigma=1:3048757297
2026-06-10 16:35:33,929 - Step 1 took 33323ms
2026-06-10 16:35:45,760 - Step 2 took 11790ms
2026-06-10 16:35:45,760 - Run 128 out of 3519:
2026-06-10 16:35:45,761 - Using B1=11000000, B2=35133391030, polynomial Dickson(12), sigma=1:3772533270
2026-06-10 16:36:19,170 - Step 1 took 33409ms
2026-06-10 16:36:31,184 - Step 2 took 11984ms
2026-06-10 16:36:31,185 - Run 129 out of 3519:
2026-06-10 16:36:31,185 - Using B1=11000000, B2=35133391030, polynomial Dickson(12), sigma=1:1223801085
2026-06-10 16:37:03,908 - Step 1 took 32722ms
2026-06-10 16:37:15,493 - Step 2 took 11545ms
2026-06-10 16:37:15,493 - Run 130 out of 3519:
2026-06-10 16:37:15,493 - Using B1=11000000, B2=35133391030, polynomial Dickson(12), sigma=1:1997502781
2026-06-10 16:37:48,453 - Step 1 took 32959ms
2026-06-10 16:38:00,550 - Step 2 took 12066ms
2026-06-10 16:38:00,550 - Run 131 out of 3519:
2026-06-10 16:38:00,550 - Using B1=11000000, B2=35133391030, polynomial Dickson(12), sigma=1:3447612455
2026-06-10 16:38:34,402 - Step 1 took 33851ms
2026-06-10 16:38:45,787 - Step 2 took 11384ms
2026-06-10 16:38:45,787 - Run 132 out of 3519:
2026-06-10 16:38:45,787 - Using B1=11000000, B2=35133391030, polynomial Dickson(12), sigma=1:323926674
2026-06-10 16:39:19,054 - Step 1 took 33265ms
2026-06-10 16:39:30,577 - Step 2 took 11473ms
2026-06-10 16:39:30,578 - Run 133 out of 3519:
2026-06-10 16:39:30,578 - Using B1=11000000, B2=35133391030, polynomial Dickson(12), sigma=1:2787737059
2026-06-10 16:40:03,385 - Step 1 took 32806ms
2026-06-10 16:40:15,286 - Step 2 took 11860ms
2026-06-10 16:40:15,286 - Run 134 out of 3519:
2026-06-10 16:40:15,286 - Using B1=11000000, B2=35133391030, polynomial Dickson(12), sigma=1:2150155075
2026-06-10 16:40:47,825 - Step 1 took 32538ms
2026-06-10 16:40:59,666 - Step 2 took 11801ms
2026-06-10 16:40:59,666 - Run 135 out of 3519:
2026-06-10 16:40:59,667 - Using B1=11000000, B2=35133391030, polynomial Dickson(12), sigma=1:3988850804
2026-06-10 16:41:32,677 - Step 1 took 33010ms
2026-06-10 16:41:44,475 - Step 2 took 11737ms
2026-06-10 16:41:44,475 - Run 136 out of 3519:
2026-06-10 16:41:44,476 - Using B1=11000000, B2=35133391030, polynomial Dickson(12), sigma=1:2093643600
2026-06-10 16:42:17,643 - Step 1 took 33167ms
2026-06-10 16:42:29,583 - Step 2 took 11900ms
2026-06-10 16:42:29,584 - Run 137 out of 3519:
2026-06-10 16:42:29,584 - Using B1=11000000, B2=35133391030, polynomial Dickson(12), sigma=1:1644161165
2026-06-10 16:43:02,678 - Step 1 took 33094ms
2026-06-10 16:43:14,253 - Step 2 took 11514ms
2026-06-10 16:43:14,253 - Run 138 out of 3519:
2026-06-10 16:43:14,254 - Using B1=11000000, B2=35133391030, polynomial Dickson(12), sigma=1:2143218305
2026-06-10 16:43:47,761 - Step 1 took 33507ms
2026-06-10 16:43:59,629 - Step 2 took 11817ms
2026-06-10 16:43:59,629 - Run 139 out of 3519:
2026-06-10 16:43:59,629 - Using B1=11000000, B2=35133391030, polynomial Dickson(12), sigma=1:389457149
2026-06-10 16:44:32,601 - Step 1 took 32971ms
2026-06-10 16:44:44,201 - Step 2 took 11549ms
2026-06-10 16:44:44,201 - Run 140 out of 3519:
2026-06-10 16:44:44,201 - Using B1=11000000, B2=35133391030, polynomial Dickson(12), sigma=1:3463673606
2026-06-10 16:45:17,838 - Step 1 took 33636ms
2026-06-10 16:45:29,618 - Step 2 took 11760ms
2026-06-10 16:45:29,618 - Run 141 out of 3519:
2026-06-10 16:45:29,618 - Using B1=11000000, B2=35133391030, polynomial Dickson(12), sigma=1:4210860079
2026-06-10 16:46:02,958 - Step 1 took 33339ms
2026-06-10 16:46:14,695 - Step 2 took 11707ms
2026-06-10 16:46:14,695 - Run 142 out of 3519:
2026-06-10 16:46:14,696 - Using B1=11000000, B2=35133391030, polynomial Dickson(12), sigma=1:1391641401
2026-06-10 16:46:48,535 - Step 1 took 33839ms
2026-06-10 16:47:00,324 - Step 2 took 11739ms
2026-06-10 16:47:00,324 - Run 143 out of 3519:
2026-06-10 16:47:00,324 - Using B1=11000000, B2=35133391030, polynomial Dickson(12), sigma=1:2146762945
2026-06-10 16:47:33,200 - Step 1 took 32875ms
2026-06-10 16:47:45,243 - Step 2 took 12022ms
2026-06-10 16:47:45,243 - Run 144 out of 3519:
2026-06-10 16:47:45,243 - Using B1=11000000, B2=35133391030, polynomial Dickson(12), sigma=1:3347192757
2026-06-10 16:48:18,746 - Step 1 took 33502ms
2026-06-10 16:48:30,461 - Step 2 took 11684ms
2026-06-10 16:48:30,461 - Run 145 out of 3519:
2026-06-10 16:48:30,461 - Using B1=11000000, B2=35133391030, polynomial Dickson(12), sigma=1:1841455018
2026-06-10 16:49:04,053 - Step 1 took 33592ms
2026-06-10 16:49:15,775 - Step 2 took 11671ms
2026-06-10 16:49:15,775 - Run 146 out of 3519:
2026-06-10 16:49:15,775 - Using B1=11000000, B2=35133391030, polynomial Dickson(12), sigma=1:2263348562
2026-06-10 16:49:48,704 - Step 1 took 32927ms
2026-06-10 16:50:00,418 - Step 2 took 11653ms
2026-06-10 16:50:00,418 - Run 147 out of 3519:
2026-06-10 16:50:00,418 - Using B1=11000000, B2=35133391030, polynomial Dickson(12), sigma=1:2150413605
2026-06-10 16:50:33,453 - Step 1 took 33035ms
2026-06-10 16:50:45,061 - Step 2 took 11587ms
2026-06-10 16:50:45,061 - Run 148 out of 3519:
2026-06-10 16:50:45,062 - Using B1=11000000, B2=35133391030, polynomial Dickson(12), sigma=1:1261647543
2026-06-10 16:51:18,398 - Step 1 took 33335ms
2026-06-10 16:51:30,128 - Step 2 took 11680ms
2026-06-10 16:51:30,128 - Run 149 out of 3519:
2026-06-10 16:51:30,129 - Using B1=11000000, B2=35133391030, polynomial Dickson(12), sigma=1:3937316695
2026-06-10 16:52:03,312 - Step 1 took 33183ms
2026-06-10 16:52:14,879 - Step 2 took 11526ms
2026-06-10 16:52:14,879 - Run 150 out of 3519:
2026-06-10 16:52:14,880 - Using B1=11000000, B2=35133391030, polynomial Dickson(12), sigma=1:3038961517
2026-06-10 16:52:48,721 - Step 1 took 33840ms
2026-06-10 16:53:00,717 - Step 2 took 11976ms
2026-06-10 16:53:00,717 - Run 151 out of 3519:
2026-06-10 16:53:00,717 - Using B1=11000000, B2=35133391030, polynomial Dickson(12), sigma=1:3677835873
2026-06-10 16:53:33,945 - Step 1 took 33227ms
2026-06-10 16:53:45,684 - Step 2 took 11708ms
2026-06-10 16:53:45,684 - Run 152 out of 3519:
2026-06-10 16:53:45,684 - Using B1=11000000, B2=35133391030, polynomial Dickson(12), sigma=1:2775545868
2026-06-10 16:54:18,782 - Step 1 took 33087ms
2026-06-10 16:54:30,558 - Step 2 took 11756ms
2026-06-10 16:54:30,558 - Run 153 out of 3519:
2026-06-10 16:54:30,559 - Using B1=11000000, B2=35133391030, polynomial Dickson(12), sigma=1:4279100240
2026-06-10 16:55:03,829 - Step 1 took 33270ms
2026-06-10 16:55:15,849 - Step 2 took 11990ms
2026-06-10 16:55:15,849 - Run 154 out of 3519:
2026-06-10 16:55:15,849 - Using B1=11000000, B2=35133391030, polynomial Dickson(12), sigma=1:4288193653
2026-06-10 16:55:48,880 - Step 1 took 33030ms
2026-06-10 16:56:00,676 - Step 2 took 11725ms
2026-06-10 16:56:00,676 - Run 155 out of 3519:
2026-06-10 16:56:00,676 - Using B1=11000000, B2=35133391030, polynomial Dickson(12), sigma=1:3992400915
2026-06-10 16:56:33,644 - Step 1 took 32968ms
2026-06-10 16:56:45,464 - Step 2 took 11769ms
2026-06-10 16:56:45,464 - Run 156 out of 3519:
2026-06-10 16:56:45,464 - Using B1=11000000, B2=35133391030, polynomial Dickson(12), sigma=1:53359234
2026-06-10 16:57:19,381 - Step 1 took 33916ms
2026-06-10 16:57:31,359 - Step 2 took 11918ms
2026-06-10 16:57:31,359 - Run 157 out of 3519:
2026-06-10 16:57:31,360 - Using B1=11000000, B2=35133391030, polynomial Dickson(12), sigma=1:3281061569
2026-06-10 16:58:03,963 - Step 1 took 32604ms
2026-06-10 16:58:15,939 - Step 2 took 11955ms
2026-06-10 16:58:15,939 - Run 158 out of 3519:
2026-06-10 16:58:15,939 - Using B1=11000000, B2=35133391030, polynomial Dickson(12), sigma=1:4180222105
2026-06-10 16:58:49,001 - Step 1 took 33061ms
2026-06-10 16:59:00,671 - Step 2 took 11640ms
2026-06-10 16:59:00,671 - Run 159 out of 3519:
2026-06-10 16:59:00,672 - Using B1=11000000, B2=35133391030, polynomial Dickson(12), sigma=1:299424598
2026-06-10 16:59:33,805 - Step 1 took 33133ms
2026-06-10 16:59:45,512 - Step 2 took 11676ms
2026-06-10 16:59:45,512 - Run 160 out of 3519:
2026-06-10 16:59:45,512 - Using B1=11000000, B2=35133391030, polynomial Dickson(12), sigma=1:2416779808
2026-06-10 17:00:18,742 - Step 1 took 33229ms
2026-06-10 17:00:30,317 - Step 2 took 11545ms
2026-06-10 17:00:30,317 - Run 161 out of 3519:
2026-06-10 17:00:30,318 - Using B1=11000000, B2=35133391030, polynomial Dickson(12), sigma=1:1714111510
2026-06-10 17:01:04,858 - Step 1 took 34538ms
2026-06-10 17:01:16,714 - Step 2 took 11806ms
2026-06-10 17:01:16,714 - Run 162 out of 3519:
2026-06-10 17:01:16,714 - Using B1=11000000, B2=35133391030, polynomial Dickson(12), sigma=1:3648642525
2026-06-10 17:01:49,987 - Step 1 took 33273ms
2026-06-10 17:02:01,824 - Step 2 took 11806ms
2026-06-10 17:02:01,824 - Run 163 out of 3519:
2026-06-10 17:02:01,825 - Using B1=11000000, B2=35133391030, polynomial Dickson(12), sigma=1:4214218983
2026-06-10 17:02:35,013 - Step 1 took 33187ms
2026-06-10 17:02:46,624 - Step 2 took 11540ms
2026-06-10 17:02:46,624 - Run 164 out of 3519:
2026-06-10 17:02:46,625 - Using B1=11000000, B2=35133391030, polynomial Dickson(12), sigma=1:3066273469
2026-06-10 17:03:19,924 - Step 1 took 33298ms
2026-06-10 17:03:31,651 - Step 2 took 11657ms
2026-06-10 17:03:31,652 - Run 165 out of 3519:
2026-06-10 17:03:31,652 - Using B1=11000000, B2=35133391030, polynomial Dickson(12), sigma=1:3688600196
2026-06-10 17:04:04,871 - Step 1 took 33219ms
2026-06-10 17:04:16,537 - Step 2 took 11645ms
2026-06-10 17:04:16,537 - Run 166 out of 3519:
2026-06-10 17:04:16,537 - Using B1=11000000, B2=35133391030, polynomial Dickson(12), sigma=1:114584602
2026-06-10 17:04:49,394 - Step 1 took 32856ms
2026-06-10 17:05:01,374 - Step 2 took 11940ms
2026-06-10 17:05:01,374 - Run 167 out of 3519:
2026-06-10 17:05:01,374 - Using B1=11000000, B2=35133391030, polynomial Dickson(12), sigma=1:2882230805
2026-06-10 17:05:34,525 - Step 1 took 33150ms
2026-06-10 17:05:46,105 - Step 2 took 11549ms
2026-06-10 17:05:46,105 - Run 168 out of 3519:
2026-06-10 17:05:46,105 - Using B1=11000000, B2=35133391030, polynomial Dickson(12), sigma=1:1308494017
2026-06-10 17:06:20,199 - Step 1 took 34093ms
2026-06-10 17:06:32,291 - Step 2 took 12032ms
2026-06-10 17:06:32,291 - Run 169 out of 3519:
2026-06-10 17:06:32,292 - Using B1=11000000, B2=35133391030, polynomial Dickson(12), sigma=1:46888466
2026-06-10 17:07:05,748 - Step 1 took 33456ms
2026-06-10 17:07:17,361 - Step 2 took 11593ms
2026-06-10 17:07:17,361 - Run 170 out of 3519:
2026-06-10 17:07:17,362 - Using B1=11000000, B2=35133391030, polynomial Dickson(12), sigma=1:2580947969
2026-06-10 17:07:51,277 - Step 1 took 33915ms
2026-06-10 17:08:03,097 - Step 2 took 11759ms
2026-06-10 17:08:03,097 - Run 171 out of 3519:
2026-06-10 17:08:03,098 - Using B1=11000000, B2=35133391030, polynomial Dickson(12), sigma=1:2595007017
2026-06-10 17:08:37,193 - Step 1 took 34094ms
2026-06-10 17:08:49,032 - Step 2 took 11768ms
2026-06-10 17:08:49,032 - Run 172 out of 3519:
2026-06-10 17:08:49,032 - Using B1=11000000, B2=35133391030, polynomial Dickson(12), sigma=1:3467571865
2026-06-10 17:09:22,620 - Step 1 took 33588ms
2026-06-10 17:09:34,352 - Step 2 took 11701ms
2026-06-10 17:09:34,352 - Run 173 out of 3519:
2026-06-10 17:09:34,352 - Using B1=11000000, B2=35133391030, polynomial Dickson(12), sigma=1:2608665489
2026-06-10 17:10:07,880 - Step 1 took 33527ms
2026-06-10 17:10:19,535 - Step 2 took 11604ms
2026-06-10 17:10:19,535 - Run 174 out of 3519:
2026-06-10 17:10:19,535 - Using B1=11000000, B2=35133391030, polynomial Dickson(12), sigma=1:2084688013
2026-06-10 17:10:52,964 - Step 1 took 33428ms
2026-06-10 17:11:04,585 - Step 2 took 11590ms
2026-06-10 17:11:04,585 - Run 175 out of 3519:
2026-06-10 17:11:04,586 - Using B1=11000000, B2=35133391030, polynomial Dickson(12), sigma=1:3470190475
2026-06-10 17:11:38,833 - Step 1 took 34246ms
2026-06-10 17:11:50,603 - Step 2 took 11710ms
2026-06-10 17:11:50,603 - Run 176 out of 3519:
2026-06-10 17:11:50,604 - Using B1=11000000, B2=35133391030, polynomial Dickson(12), sigma=1:1137474786
2026-06-10 17:12:24,255 - Step 1 took 33651ms
2026-06-10 17:12:35,815 - Step 2 took 11489ms
2026-06-10 17:12:35,815 - Run 177 out of 3519:
2026-06-10 17:12:35,815 - Using B1=11000000, B2=35133391030, polynomial Dickson(12), sigma=1:3476465378
2026-06-10 17:13:09,808 - Step 1 took 33992ms
2026-06-10 17:13:21,575 - Step 2 took 11707ms
2026-06-10 17:13:21,575 - Run 178 out of 3519:
2026-06-10 17:13:21,575 - Using B1=11000000, B2=35133391030, polynomial Dickson(12), sigma=1:4154634410
2026-06-10 17:13:55,585 - Step 1 took 34009ms
2026-06-10 17:14:07,065 - Step 2 took 11410ms
2026-06-10 17:14:07,066 - Run 179 out of 3519:
2026-06-10 17:14:07,066 - Using B1=11000000, B2=35133391030, polynomial Dickson(12), sigma=1:1040253792
2026-06-10 17:14:40,913 - Step 1 took 33847ms
2026-06-10 17:14:52,691 - Step 2 took 11737ms
2026-06-10 17:14:52,691 - Run 180 out of 3519:
2026-06-10 17:14:52,691 - Using B1=11000000, B2=35133391030, polynomial Dickson(12), sigma=1:1986602025
2026-06-10 17:15:25,990 - Step 1 took 33298ms
2026-06-10 17:15:37,825 - Step 2 took 11824ms
2026-06-10 17:15:37,826 - Run 181 out of 3519:
2026-06-10 17:15:37,826 - Using B1=11000000, B2=35133391030, polynomial Dickson(12), sigma=1:1239566558
2026-06-10 17:16:11,416 - Step 1 took 33590ms
2026-06-10 17:16:23,024 - Step 2 took 11577ms
2026-06-10 17:16:23,024 - Run 182 out of 3519:
2026-06-10 17:16:23,024 - Using B1=11000000, B2=35133391030, polynomial Dickson(12), sigma=1:2052328538
2026-06-10 17:16:56,438 - Step 1 took 33413ms
2026-06-10 17:17:08,341 - Step 2 took 11863ms
2026-06-10 17:17:08,341 - Run 183 out of 3519:
2026-06-10 17:17:08,341 - Using B1=11000000, B2=35133391030, polynomial Dickson(12), sigma=1:3674460760
2026-06-10 17:17:41,914 - Step 1 took 33571ms
2026-06-10 17:17:53,447 - Step 2 took 11453ms
2026-06-10 17:17:53,447 - Run 184 out of 3519:
2026-06-10 17:17:53,447 - Using B1=11000000, B2=35133391030, polynomial Dickson(12), sigma=1:3495542633
2026-06-10 17:18:26,496 - Step 1 took 33048ms
2026-06-10 17:18:38,172 - Step 2 took 11616ms
2026-06-10 17:18:38,173 - Run 185 out of 3519:
2026-06-10 17:18:38,173 - Using B1=11000000, B2=35133391030, polynomial Dickson(12), sigma=1:3045486292
2026-06-10 17:19:12,196 - Step 1 took 34023ms
2026-06-10 17:19:24,134 - Step 2 took 11937ms
2026-06-10 17:19:24,135 - Run 186 out of 3519:
2026-06-10 17:19:24,135 - Using B1=11000000, B2=35133391030, polynomial Dickson(12), sigma=1:2936132197
2026-06-10 17:19:57,887 - Step 1 took 33752ms
2026-06-10 17:20:09,527 - Step 2 took 11600ms
2026-06-10 17:20:09,527 - Run 187 out of 3519:
2026-06-10 17:20:09,527 - Using B1=11000000, B2=35133391030, polynomial Dickson(12), sigma=1:1593789365
2026-06-10 17:20:43,348 - Step 1 took 33820ms
2026-06-10 17:20:55,010 - Step 2 took 11622ms
2026-06-10 17:20:55,011 - Run 188 out of 3519:
2026-06-10 17:20:55,011 - Using B1=11000000, B2=35133391030, polynomial Dickson(12), sigma=1:2331279627
2026-06-10 17:21:28,692 - Step 1 took 33680ms
2026-06-10 17:21:40,260 - Step 2 took 11558ms
2026-06-10 17:21:40,260 - Run 189 out of 3519:
2026-06-10 17:21:40,260 - Using B1=11000000, B2=35133391030, polynomial Dickson(12), sigma=1:1259100696
2026-06-10 17:22:13,740 - Step 1 took 33479ms
2026-06-10 17:22:25,662 - Step 2 took 11902ms
2026-06-10 17:22:25,662 - Run 190 out of 3519:
2026-06-10 17:22:25,663 - Using B1=11000000, B2=35133391030, polynomial Dickson(12), sigma=1:1250683466
2026-06-10 17:22:58,941 - Step 1 took 33278ms
2026-06-10 17:23:10,860 - Step 2 took 11889ms
2026-06-10 17:23:10,860 - Run 191 out of 3519:
2026-06-10 17:23:10,860 - Using B1=11000000, B2=35133391030, polynomial Dickson(12), sigma=1:2966697784
2026-06-10 17:23:44,005 - Step 1 took 33144ms
2026-06-10 17:23:55,693 - Step 2 took 11637ms
2026-06-10 17:23:55,693 - Run 192 out of 3519:
2026-06-10 17:23:55,693 - Using B1=11000000, B2=35133391030, polynomial Dickson(12), sigma=1:2961319225
2026-06-10 17:24:29,957 - Step 1 took 34263ms
2026-06-10 17:24:41,715 - Step 2 took 11698ms
2026-06-10 17:24:41,715 - Run 193 out of 3519:
2026-06-10 17:24:41,715 - Using B1=11000000, B2=35133391030, polynomial Dickson(12), sigma=1:3635940548
2026-06-10 17:25:15,562 - Step 1 took 33847ms
2026-06-10 17:25:27,215 - Step 2 took 11602ms
2026-06-10 17:25:27,215 - Run 194 out of 3519:
2026-06-10 17:25:27,215 - Using B1=11000000, B2=35133391030, polynomial Dickson(12), sigma=1:1700699013
2026-06-10 17:26:00,369 - Step 1 took 33153ms
2026-06-10 17:26:12,191 - Step 2 took 11791ms
2026-06-10 17:26:12,191 - Run 195 out of 3519:
2026-06-10 17:26:12,192 - Using B1=11000000, B2=35133391030, polynomial Dickson(12), sigma=1:3881188733
2026-06-10 17:26:45,195 - Step 1 took 33002ms
2026-06-10 17:26:57,036 - Step 2 took 11772ms
2026-06-10 17:26:57,036 - Run 196 out of 3519:
2026-06-10 17:26:57,037 - Using B1=11000000, B2=35133391030, polynomial Dickson(12), sigma=1:2022795787
2026-06-10 17:27:30,860 - Step 1 took 33823ms
2026-06-10 17:27:42,540 - Step 2 took 11630ms
2026-06-10 17:27:42,541 - Run 197 out of 3519:
2026-06-10 17:27:42,541 - Using B1=11000000, B2=35133391030, polynomial Dickson(12), sigma=1:642659969
2026-06-10 17:28:15,419 - Step 1 took 32878ms
2026-06-10 17:28:27,223 - Step 2 took 11734ms
2026-06-10 17:28:27,224 - Run 198 out of 3519:
2026-06-10 17:28:27,224 - Using B1=11000000, B2=35133391030, polynomial Dickson(12), sigma=1:3049298197
2026-06-10 17:29:01,270 - Step 1 took 34046ms
2026-06-10 17:29:13,123 - Step 2 took 11823ms
2026-06-10 17:29:13,123 - Run 199 out of 3519:
2026-06-10 17:29:13,124 - Using B1=11000000, B2=35133391030, polynomial Dickson(12), sigma=1:3820125371
2026-06-10 17:29:46,354 - Step 1 took 33229ms
2026-06-10 17:29:58,173 - Step 2 took 11770ms
2026-06-10 17:29:58,173 - Run 200 out of 3519:
2026-06-10 17:29:58,173 - Using B1=11000000, B2=35133391030, polynomial Dickson(12), sigma=1:58874925
2026-06-10 17:30:31,681 - Step 1 took 33506ms
2026-06-10 17:30:43,574 - Step 2 took 11853ms
2026-06-10 17:30:43,574 - Run 201 out of 3519:
2026-06-10 17:30:43,575 - Using B1=11000000, B2=35133391030, polynomial Dickson(12), sigma=1:1252937862
2026-06-10 17:31:17,248 - Step 1 took 33673ms
2026-06-10 17:31:29,080 - Step 2 took 11762ms
2026-06-10 17:31:29,081 - Run 202 out of 3519:
2026-06-10 17:31:29,081 - Using B1=11000000, B2=35133391030, polynomial Dickson(12), sigma=1:1588542220
2026-06-10 17:32:02,512 - Step 1 took 33430ms
2026-06-10 17:32:14,293 - Step 2 took 11772ms
2026-06-10 17:32:14,294 - Run 203 out of 3519:
2026-06-10 17:32:14,294 - Using B1=11000000, B2=35133391030, polynomial Dickson(12), sigma=1:3183638365
2026-06-10 17:32:47,214 - Step 1 took 32920ms
2026-06-10 17:32:59,065 - Step 2 took 11810ms
2026-06-10 17:32:59,065 - Run 204 out of 3519:
2026-06-10 17:32:59,065 - Using B1=11000000, B2=35133391030, polynomial Dickson(12), sigma=1:2302270083
2026-06-10 17:33:32,053 - Step 1 took 32987ms
2026-06-10 17:33:43,674 - Step 2 took 11621ms
2026-06-10 17:33:43,674 - Run 205 out of 3519:
2026-06-10 17:33:43,675 - Using B1=11000000, B2=35133391030, polynomial Dickson(12), sigma=1:2818340879
2026-06-10 17:34:16,678 - Step 1 took 33003ms
2026-06-10 17:34:28,539 - Step 2 took 11831ms
2026-06-10 17:34:28,539 - Run 206 out of 3519:
2026-06-10 17:34:28,540 - Using B1=11000000, B2=35133391030, polynomial Dickson(12), sigma=1:1383225258
2026-06-10 17:35:01,708 - Step 1 took 33168ms
2026-06-10 17:35:13,694 - Step 2 took 11936ms
2026-06-10 17:35:13,694 - Run 207 out of 3519:
2026-06-10 17:35:13,694 - Using B1=11000000, B2=35133391030, polynomial Dickson(12), sigma=1:2459489841
2026-06-10 17:35:46,761 - Step 1 took 33067ms
2026-06-10 17:35:58,824 - Step 2 took 12012ms
2026-06-10 17:35:58,824 - Run 208 out of 3519:
2026-06-10 17:35:58,824 - Using B1=11000000, B2=35133391030, polynomial Dickson(12), sigma=1:4195799844
2026-06-10 17:36:32,035 - Step 1 took 33208ms
2026-06-10 17:36:43,798 - Step 2 took 11733ms
2026-06-10 17:36:43,798 - Run 209 out of 3519:
2026-06-10 17:36:43,798 - Using B1=11000000, B2=35133391030, polynomial Dickson(12), sigma=1:2704376410
2026-06-10 17:37:17,318 - Step 1 took 33519ms
2026-06-10 17:37:28,825 - Step 2 took 11467ms
2026-06-10 17:37:28,826 - Run 210 out of 3519:
2026-06-10 17:37:28,826 - Using B1=11000000, B2=35133391030, polynomial Dickson(12), sigma=1:2138320814
2026-06-10 17:38:02,186 - Step 1 took 33360ms
2026-06-10 17:38:14,040 - Step 2 took 11834ms
2026-06-10 17:38:14,040 - Run 211 out of 3519:
2026-06-10 17:38:14,041 - Using B1=11000000, B2=35133391030, polynomial Dickson(12), sigma=1:599945867
2026-06-10 17:38:47,178 - Step 1 took 32446ms
2026-06-10 17:38:58,001 - Step 2 took 11470ms
2026-06-10 17:38:58,017 - Run 212 out of 3519:
2026-06-10 17:38:58,065 - Using B1=11000000, B2=35133391030, polynomial Dickson(12), sigma=1:436908728
2026-06-10 17:39:30,999 - Step 1 took 33021ms
2026-06-10 17:39:42,721 - Step 2 took 11681ms
2026-06-10 17:39:42,721 - Run 213 out of 3519:
2026-06-10 17:39:42,721 - Using B1=11000000, B2=35133391030, polynomial Dickson(12), sigma=1:1863948803
2026-06-10 17:40:16,177 - Step 1 took 33455ms
2026-06-10 17:40:27,900 - Step 2 took 11723ms
2026-06-10 17:40:27,900 - Run 214 out of 3519:
2026-06-10 17:40:27,900 - Using B1=11000000, B2=35133391030, polynomial Dickson(12), sigma=1:2047714312
2026-06-10 17:41:01,637 - Step 1 took 33736ms
2026-06-10 17:41:13,077 - Step 2 took 11410ms
2026-06-10 17:41:13,077 - Run 215 out of 3519:
2026-06-10 17:41:13,077 - Using B1=11000000, B2=35133391030, polynomial Dickson(12), sigma=1:4171591939
2026-06-10 17:41:46,889 - Step 1 took 33811ms
2026-06-10 17:41:58,509 - Step 2 took 11600ms
2026-06-10 17:41:58,509 - Run 216 out of 3519:
2026-06-10 17:41:58,510 - Using B1=11000000, B2=35133391030, polynomial Dickson(12), sigma=1:1344943923
2026-06-10 17:42:32,224 - Step 1 took 33714ms
2026-06-10 17:42:44,021 - Step 2 took 11707ms
2026-06-10 17:42:44,021 - Run 217 out of 3519:
2026-06-10 17:42:44,022 - Using B1=11000000, B2=35133391030, polynomial Dickson(12), sigma=1:4011566086
2026-06-10 17:43:16,967 - Step 1 took 32946ms
2026-06-10 17:43:28,657 - Step 2 took 11629ms
2026-06-10 17:43:28,657 - Run 218 out of 3519:
2026-06-10 17:43:28,657 - Using B1=11000000, B2=35133391030, polynomial Dickson(12), sigma=1:666418754
2026-06-10 17:44:01,782 - Step 1 took 33125ms
2026-06-10 17:44:13,412 - Step 2 took 11599ms
2026-06-10 17:44:13,412 - Run 219 out of 3519:
2026-06-10 17:44:13,413 - Using B1=11000000, B2=35133391030, polynomial Dickson(12), sigma=1:607090852
2026-06-10 17:44:47,332 - Step 1 took 33918ms
2026-06-10 17:44:59,017 - Step 2 took 11665ms
2026-06-10 17:44:59,017 - Run 220 out of 3519:
2026-06-10 17:44:59,017 - Using B1=11000000, B2=35133391030, polynomial Dickson(12), sigma=1:2786055595
2026-06-10 17:45:32,401 - Step 1 took 33384ms
2026-06-10 17:45:43,859 - Step 2 took 11427ms
2026-06-10 17:45:43,859 - Run 221 out of 3519:
2026-06-10 17:45:43,859 - Using B1=11000000, B2=35133391030, polynomial Dickson(12), sigma=1:1307764919
2026-06-10 17:46:17,310 - Step 1 took 33451ms
2026-06-10 17:46:28,702 - Step 2 took 11361ms
2026-06-10 17:46:28,702 - Run 222 out of 3519:
2026-06-10 17:46:28,702 - Using B1=11000000, B2=35133391030, polynomial Dickson(12), sigma=1:4276389821
2026-06-10 17:47:01,894 - Step 1 took 33192ms
2026-06-10 17:47:13,597 - Step 2 took 11682ms
2026-06-10 17:47:13,598 - Run 223 out of 3519:
2026-06-10 17:47:13,598 - Using B1=11000000, B2=35133391030, polynomial Dickson(12), sigma=1:687297277
2026-06-10 17:47:47,178 - Step 1 took 33581ms
2026-06-10 17:47:58,830 - Step 2 took 11592ms
2026-06-10 17:47:58,830 - Run 224 out of 3519:
2026-06-10 17:47:58,830 - Using B1=11000000, B2=35133391030, polynomial Dickson(12), sigma=1:2480860201
2026-06-10 17:48:32,045 - Step 1 took 33215ms
2026-06-10 17:48:43,822 - Step 2 took 11706ms
2026-06-10 17:48:43,822 - Run 225 out of 3519:
2026-06-10 17:48:43,823 - Using B1=11000000, B2=35133391030, polynomial Dickson(12), sigma=1:2599026973
2026-06-10 17:49:16,957 - Step 1 took 33133ms
2026-06-10 17:49:28,544 - Step 2 took 11547ms
2026-06-10 17:49:28,544 - Run 226 out of 3519:
2026-06-10 17:49:28,544 - Using B1=11000000, B2=35133391030, polynomial Dickson(12), sigma=1:2697352485
2026-06-10 17:50:02,060 - Step 1 took 33515ms
2026-06-10 17:50:13,655 - Step 2 took 11584ms
2026-06-10 17:50:13,655 - Run 227 out of 3519:
2026-06-10 17:50:13,655 - Using B1=11000000, B2=35133391030, polynomial Dickson(12), sigma=1:1792754329
2026-06-10 17:50:46,583 - Step 1 took 32928ms
2026-06-10 17:50:58,455 - Step 2 took 11812ms
2026-06-10 17:50:58,456 - Run 228 out of 3519:
2026-06-10 17:50:58,456 - Using B1=11000000, B2=35133391030, polynomial Dickson(12), sigma=1:2122908441
2026-06-10 17:51:31,833 - Step 1 took 33377ms
2026-06-10 17:51:43,820 - Step 2 took 11936ms
2026-06-10 17:51:43,820 - Run 229 out of 3519:
2026-06-10 17:51:43,820 - Using B1=11000000, B2=35133391030, polynomial Dickson(12), sigma=1:3855691548
2026-06-10 17:52:16,838 - Step 1 took 33018ms
2026-06-10 17:52:28,556 - Step 2 took 11687ms
2026-06-10 17:52:28,556 - Run 230 out of 3519:
2026-06-10 17:52:28,556 - Using B1=11000000, B2=35133391030, polynomial Dickson(12), sigma=1:1859667654
2026-06-10 17:53:01,202 - Step 1 took 32645ms
2026-06-10 17:53:13,294 - Step 2 took 12072ms
2026-06-10 17:53:13,295 - Run 231 out of 3519:
2026-06-10 17:53:13,295 - Using B1=11000000, B2=35133391030, polynomial Dickson(12), sigma=1:2094743801
2026-06-10 17:53:46,432 - Step 1 took 33137ms
2026-06-10 17:53:58,319 - Step 2 took 11867ms
2026-06-10 17:53:58,320 - Run 232 out of 3519:
2026-06-10 17:53:58,320 - Using B1=11000000, B2=35133391030, polynomial Dickson(12), sigma=1:490742342
2026-06-10 17:54:31,827 - Step 1 took 33506ms
2026-06-10 17:54:43,611 - Step 2 took 11724ms
2026-06-10 17:54:43,611 - Run 233 out of 3519:
2026-06-10 17:54:43,612 - Using B1=11000000, B2=35133391030, polynomial Dickson(12), sigma=1:715968803
2026-06-10 17:55:17,227 - Step 1 took 33615ms
2026-06-10 17:55:29,288 - Step 2 took 12040ms
2026-06-10 17:55:29,288 - Run 234 out of 3519:
2026-06-10 17:55:29,288 - Using B1=11000000, B2=35133391030, polynomial Dickson(12), sigma=1:4215846094
2026-06-10 17:56:02,739 - Step 1 took 33450ms
2026-06-10 17:56:14,453 - Step 2 took 11675ms
2026-06-10 17:56:14,454 - Run 235 out of 3519:
2026-06-10 17:56:14,454 - Using B1=11000000, B2=35133391030, polynomial Dickson(12), sigma=1:2111141615
2026-06-10 17:56:47,823 - Step 1 took 33369ms
2026-06-10 17:56:59,731 - Step 2 took 11878ms
2026-06-10 17:56:59,732 - Run 236 out of 3519:
2026-06-10 17:56:59,732 - Using B1=11000000, B2=35133391030, polynomial Dickson(12), sigma=1:491038884
2026-06-10 17:57:33,778 - Step 1 took 34046ms
2026-06-10 17:57:45,769 - Step 2 took 11922ms
2026-06-10 17:57:45,770 - Run 237 out of 3519:
2026-06-10 17:57:45,770 - Using B1=11000000, B2=35133391030, polynomial Dickson(12), sigma=1:2951198102
2026-06-10 17:58:19,424 - Step 1 took 33653ms
2026-06-10 17:58:31,543 - Step 2 took 12070ms
2026-06-10 17:58:31,544 - Run 238 out of 3519:
2026-06-10 17:58:31,544 - Using B1=11000000, B2=35133391030, polynomial Dickson(12), sigma=1:2723483363
2026-06-10 17:59:05,265 - Step 1 took 33721ms
2026-06-10 17:59:17,050 - Step 2 took 11745ms
2026-06-10 17:59:17,051 - Run 239 out of 3519:
2026-06-10 17:59:17,051 - Using B1=11000000, B2=35133391030, polynomial Dickson(12), sigma=1:1583464312
2026-06-10 17:59:50,281 - Step 1 took 33230ms
2026-06-10 18:00:02,217 - Step 2 took 11886ms
2026-06-10 18:00:02,217 - Run 240 out of 3519:
2026-06-10 18:00:02,218 - Using B1=11000000, B2=35133391030, polynomial Dickson(12), sigma=1:1272715009
2026-06-10 18:00:36,021 - Step 1 took 33804ms
2026-06-10 18:00:47,308 - Step 2 took 11217ms
2026-06-10 18:00:47,309 - Run 241 out of 3519:
2026-06-10 18:00:47,309 - Using B1=11000000, B2=35133391030, polynomial Dickson(12), sigma=1:4276035858
2026-06-10 18:01:20,421 - Step 1 took 33110ms
2026-06-10 18:01:32,021 - Step 2 took 11551ms
2026-06-10 18:01:32,374 - ********** Factor found in step 2: 42264689164356532917680558407523083026797
2026-06-10 18:01:32,374 - Found prime factor of 41 digits: 42264689164356532917680558407523083026797
2026-06-10 18:01:32,374 - Prime cofactor 361192229428816380231657479949690848699517775524898363657533359130310106683706641807691457717003239007642912897098427558960830002870263071591942375537173385534118827343987570441863863 has 183 digits
